<?xml version="1.0" encoding="UTF-8"?>
<Site BuildName="(empty)"
	BuildStamp="20241016-0228-Experimental"
	Name="robot5"
	Generator="ctest-3.16.3"
	CompilerName="/usr/bin/g++"
	CompilerVersion="9.4.0"
	OSName="Linux"
	Hostname="robot5"
	OSRelease="5.15.0-122-generic"
	OSVersion="#132~20.04.1-Ubuntu SMP Fri Aug 30 15:50:07 UTC 2024"
	OSPlatform="x86_64"
	Is64Bits="1"
	VendorString="GenuineIntel"
	VendorID="Intel Corporation"
	FamilyID="6"
	ModelID="140"
	ProcessorCacheSize="12288"
	NumberOfLogicalCPU="8"
	NumberOfPhysicalCPU="4"
	TotalVirtualMemory="16615"
	TotalPhysicalMemory="15729"
	LogicalProcessorsPerPhysical="2"
	ProcessorClockFrequency="2212.05"
	>
	<Testing>
		<StartDateTime>Oct 16 10:28 CST</StartDateTime>
		<StartTestTime>1729045707</StartTestTime>
		<TestList/>
		<EndDateTime>Oct 16 10:28 CST</EndDateTime>
		<EndTestTime>1729045707</EndTestTime>
		<ElapsedMinutes>0</ElapsedMinutes>
	</Testing>
</Site>
